<?xml version="1.0" encoding="UTF-8"?>
<testsuite name="hello.ApplicationTest" time="0.648" tests="2" errors="0" skipped="0" failures="1">
  <properties>
[...]
</properties>
  <testcase name="rendersForm" classname="hello.ApplicationTest" time="0.581"/>
  <testcase name="submitsForm" classname="hello.ApplicationTest" time="0.067">
    <failure message="Response content&#10;Expected: a string containing &quot;firstName: Mark&quot;&#10;     but: was &quot;&lt;!DOCTYPE HTML&gt;&#10;&#10;&lt;html&gt;&#10;&lt;head&gt;&#10;    &lt;title&gt;Getting Started: Handling Form Submission&lt;/title&gt;&#10;    &lt;meta http-equiv=&quot;Content-Type&quot; content=&quot;text/html; charset=UTF-8&quot; /&gt;&#10;&lt;/head&gt;&#10;&lt;body&gt;&#10;	&lt;h1&gt;Result&lt;/h1&gt;&#10;    &lt;p&gt;id: 12345&lt;/p&gt;&#10;    &lt;p&gt;First Name Mark&lt;/p&gt;&#10;    &lt;p&gt;Last Namenull&lt;/p&gt;&#10;    &lt;a href=&quot;/greeting&quot;&gt;Submit another message&lt;/a&gt;&#10;&lt;/body&gt;&#10;&lt;/html&gt;&quot;" type="java.lang.AssertionError"><![CDATA[java.lang.AssertionError: Response content
Expected: a string containing "firstName: Mark"
     but: was "<!DOCTYPE HTML>

<html>
<head>
    <title>Getting Started: Handling Form Submission</title>
    <meta http-equiv="Content-Type" content="text/html; charset=UTF-8" />
</head>
<body>
	<h1>Result</h1>
    <p>id: 12345</p>
    <p>First Name Mark</p>
    <p>Last Namenull</p>
    <a href="/greeting">Submit another message</a>
</body>
</html>"
	at org.hamcrest.MatcherAssert.assertThat(MatcherAssert.java:20)
	at org.springframework.test.web.servlet.result.ContentResultMatchers$4.match(ContentResultMatchers.java:137)
	at org.springframework.test.web.servlet.MockMvc$1.andExpect(MockMvc.java:171)
	at hello.ApplicationTest.submitsForm(ApplicationTest.java:49)
]]></failure>
    <system-out><![CDATA[2017-02-08 18:43:30.482 DEBUG 7380 --- [           main] s.w.s.m.m.a.RequestMappingHandlerMapping : Looking up handler method for path /welcome
2017-02-08 18:43:30.482 DEBUG 7380 --- [           main] s.w.s.m.m.a.RequestMappingHandlerMapping : Returning handler method [public java.lang.String hello.WelcomeController.welcomeSubmit(hello.Welcome)]
2017-02-08 18:43:30.486 DEBUG 7380 --- [           main] o.s.w.s.v.ContentNegotiatingViewResolver : Requested media types are [*/*] based on Accept header types and producible media types [*/*])
2017-02-08 18:43:30.486 DEBUG 7380 --- [           main] o.s.w.servlet.view.BeanNameViewResolver  : No matching bean found for view name 'result'
2017-02-08 18:43:30.487 DEBUG 7380 --- [           main] o.s.w.s.v.ContentNegotiatingViewResolver : Returning [org.thymeleaf.spring4.view.ThymeleafView@3cb8c8ce] based on requested media type '*/*'

MockHttpServletRequest:
      HTTP Method = GET
      Request URI = /welcome
       Parameters = {}
          Headers = {}

Handler:
             Type = hello.WelcomeController
           Method = public java.lang.String hello.WelcomeController.welcomeForm(org.springframework.ui.Model)

Async:
    Async started = false
     Async result = null

Resolved Exception:
             Type = null

ModelAndView:
        View name = welcome
             View = null
        Attribute = welcome
            value = hello.Welcome@53a9fcfd
           errors = []

FlashMap:
       Attributes = null

MockHttpServletResponse:
           Status = 200
    Error message = null
          Headers = {Content-Type=[text/html;charset=UTF-8]}
     Content type = text/html;charset=UTF-8
             Body = <!DOCTYPE HTML>

<html>
<head>
    <title>Getting Started: Handling Form Submission</title>
    <meta http-equiv="Content-Type" content="text/html; charset=UTF-8" />
</head>
<body>
	<h1>Form</h1>
    <form action="/welcome" method="post">
    	<p>First Name <input type="text" id="firstName" name="firstName" value="" /></p>
        <p>Last Name <input type="text" id="lastName" name="lastName" value="" /></p>
        <p> ID: <input type="text" id="id" name="id" value="0" /></p> 
        <p><input type="submit" value="Submit" /> <input type="reset" value="Reset" /></p>
    </form>
</body>
</html>
    Forwarded URL = null
   Redirected URL = null
          Cookies = []

MockHttpServletRequest:
      HTTP Method = POST
      Request URI = /welcome
       Parameters = {id=[12345], firstName=[Mark]}
          Headers = {}

Handler:
             Type = hello.WelcomeController
           Method = public java.lang.String hello.WelcomeController.welcomeSubmit(hello.Welcome)

Async:
    Async started = false
     Async result = null

Resolved Exception:
             Type = null

ModelAndView:
        View name = result
             View = null
        Attribute = welcome
            value = hello.Welcome@859ea42
           errors = []

FlashMap:
       Attributes = null

MockHttpServletResponse:
           Status = 200
    Error message = null
          Headers = {Content-Type=[text/html;charset=UTF-8]}
     Content type = text/html;charset=UTF-8
             Body = <!DOCTYPE HTML>

<html>
<head>
    <title>Getting Started: Handling Form Submission</title>
    <meta http-equiv="Content-Type" content="text/html; charset=UTF-8" />
</head>
<body>
	<h1>Result</h1>
    <p>id: 12345</p>
    <p>First Name Mark</p>
    <p>Last Namenull</p>
    <a href="/greeting">Submit another message</a>
</body>
</html>
    Forwarded URL = null
   Redirected URL = null
          Cookies = []
]]></system-out>
  </testcase>
</testsuite>